<?xml version="1.0" encoding="UTF-8"?>
<!-- Generated by org.testng.reporters.JUnitXMLReporter -->
<testsuite hostname="DESKTOP-8HTPIPJ" ignored="0" name="ProviderTest" tests="3" failures="0" timestamp="27 May 2022 04:44:35 GMT" time="158.231" errors="0">
  <testcase name="@AfterTest afterSuite" time="6.179" classname="core.Page">
    <failure type="java.lang.NoClassDefFoundError" message="com/sun/mail/util/MailLogger">
      <![CDATA[java.lang.NoClassDefFoundError: com/sun/mail/util/MailLogger
	at javax.mail.Session.initLogger(Session.java:261)
	at javax.mail.Session.<init>(Session.java:245)
	at javax.mail.Session.getDefaultInstance(Session.java:356)
	at utility.monitoringMail.sendMail(monitoringMail.java:44)
	at core.Page.afterSuite(Page.java:121)
Caused by: java.lang.ClassNotFoundException: com.sun.mail.util.MailLogger
	at java.net.URLClassLoader.findClass(URLClassLoader.java:387)
	at java.lang.ClassLoader.loadClass(ClassLoader.java:418)
	at sun.misc.Launcher$AppClassLoader.loadClass(Launcher.java:355)
	at java.lang.ClassLoader.loadClass(ClassLoader.java:351)
	... 28 more
... Removed 23 stack frames]]>
    </failure>
  </testcase> <!-- @AfterTest afterSuite -->
  <testcase name="test" time="20.948" classname="testcases.LoginTestProvider"/>
  <testcase name="test" time="5.806" classname="testcases.LoginTestProvider"/>
  <testcase name="test" time="2.943" classname="testcases.LoginTestProvider"/>
</testsuite> <!-- ProviderTest -->
